Arguments: 
  C:\Program Files\nodejs\node.exe C:\Program Files (x86)\Yarn\bin\yarn.js install

PATH: 
  C:\Program Files\Common Files\Oracle\Java\javapath;C:\Python38\Scripts\;C:\Python38\;C:\WINDOWS\system32;C:\WINDOWS;C:\WINDOWS\System32\Wbem;C:\WINDOWS\System32\WindowsPowerShell\v1.0\;C:\WINDOWS\System32\OpenSSH\;C:\ProgramData\chocolatey\bin;C:\Python38\Scripts;\usr\local\bin;\usr\local\bin\chromedriver;C:\Program Files\Docker\Docker\resources\bin;C:\ProgramData\DockerDesktop\version-bin;C:\Program Files\Git\cmd;C:\Program Files\nodejs\;C:\Program Files (x86)\Yarn\bin\;C:\Users\Emumba\AppData\Local\Programs\Python\Python38-32\Scripts\;C:\Users\Emumba\AppData\Local\Programs\Python\Python38-32\;C:\Users\Emumba\AppData\Local\Microsoft\WindowsApps;;C:\Users\Emumba\AppData\Local\Programs\Microsoft VS Code\bin;C:\Users\Emumba\AppData\Roaming\npm;C:\Users\Emumba\AppData\Local\Yarn\bin

Yarn version: 
  1.22.5

Node version: 
  12.18.4

Platform: 
  win32 x64

Trace: 
  Error: getaddrinfo ENOTFOUND registry.yarnpkg.com
      at GetAddrInfoReqWrap.onlookup [as oncomplete] (dns.js:66:26)

npm manifest: 
  {
    "name": "calculator_example",
    "version": "1.0.0",
    "description": "A example to use selenium-webdriver and WinAppDriver to do testing on calculator",
    "main": "index.js",
    "scripts": {
      "appium": "appium",
      "jest": "jest --maxWorkers=1"
    },
    "keywords": [],
    "author": "Canhua Li",
    "license": "ISC",
    "devDependencies": {
      "@babel/core": "^7.5.5",
      "@babel/preset-env": "^7.5.5",
      "@babel/preset-typescript": "^7.3.3",
      "@types/jest": "24.0.18",
      "appium": "1.14.2",
      "babel-jest": "^24.9.0",
      "jest": "^24.9.0",
      "selenium-appium": "0.0.13",
      "selenium-webdriver": "4.0.0-alpha.4"
    }
  }

yarn manifest: 
  No manifest

Lockfile: 
  No lockfile
